<?xml version="1.0" encoding="UTF-8"?>
<!-- Generated by org.testng.reporters.JUnitReportReporter -->
<testsuite hostname="LAPTOP-QLN70G90" failures="0" tests="4" name="QualityKioskTraining.BankAccount.TestingForSalaryAccount" time="0.035" errors="0" timestamp="2021-04-23T14:07:37 IST" skipped="0">
  <testcase classname="QualityKioskTraining.BankAccount.TestingForSalaryAccount" name="testDepositeFunctionWithDataProvider" time="0.003"/>
  <system-out/>
  <testcase classname="QualityKioskTraining.BankAccount.TestingForSalaryAccount" name="testDepositeFunctionWithDataProvider" time="0.005"/>
  <system-out/>
  <testcase classname="QualityKioskTraining.BankAccount.TestingForSalaryAccount" name="testWithdrawFunctionWithDataProvider" time="0.018"/>
  <system-out/>
  <testcase classname="QualityKioskTraining.BankAccount.TestingForSalaryAccount" name="testWithdrawFunctionWithDataProvider" time="0.009"/>
  <system-out/>
</testsuite> <!-- QualityKioskTraining.BankAccount.TestingForSalaryAccount -->
