<?xml version="1.0" encoding="UTF-8"?>
<!-- Generated by org.testng.reporters.JUnitReportReporter -->
<testsuite hostname="LAPTOP-QLN70G90" failures="0" tests="6" name="QualityKioskTraining.BankAccount.TestingForSavingsAccount" time="0.034" errors="0" timestamp="2021-04-23T14:07:37 IST" skipped="0">
  <testcase classname="QualityKioskTraining.BankAccount.TestingForSavingsAccount" name="testForDepositeFunction" time="0.018"/>
  <system-out/>
  <testcase classname="QualityKioskTraining.BankAccount.TestingForSavingsAccount" name="withdrawalFunctionTest" time="0.004"/>
  <system-out/>
  <testcase classname="QualityKioskTraining.BankAccount.TestingForSavingsAccount" name="withdrawalFunctionWithValueGreaterThanBalance" time="0.003"/>
  <system-out/>
  <testcase classname="QualityKioskTraining.BankAccount.TestingForSavingsAccount" name="getBalance" time="0.003"/>
  <system-out/>
  <testcase classname="QualityKioskTraining.BankAccount.TestingForSavingsAccount" name="TestForRegression" time="0.003"/>
  <system-out/>
  <testcase classname="QualityKioskTraining.BankAccount.TestingForSavingsAccount" name="TestForSmoke" time="0.003"/>
  <system-out/>
</testsuite> <!-- QualityKioskTraining.BankAccount.TestingForSavingsAccount -->
